<?xml version="1.0" encoding="UTF-8"?>
<!-- Generated by org.testng.reporters.JUnitXMLReporter -->
<testsuite ignored="0" hostname="Faspay-SysDev-Aan" failures="0" tests="2" name="Default test" time="48.342" errors="0" timestamp="2023-02-04T23:33:06 WIB">
  <testcase classname="io.cucumber.testng.AbstractTestNGCucumberTests" name="runScenario" time="16.002"/>
  <testcase classname="io.cucumber.testng.AbstractTestNGCucumberTests" name="runScenario" time="28.241"/>
</testsuite> <!-- Default test -->
