<?xml version="1.0" encoding="UTF-8"?>
<!-- Generated by org.testng.reporters.JUnitXMLReporter -->
<testsuite ignored="0" hostname="Faspay-SysDev-Aan" failures="0" tests="2" name="Default test" time="45.262" errors="0" timestamp="2023-02-04T21:21:25 WIB">
  <testcase classname="io.cucumber.testng.AbstractTestNGCucumberTests" name="runScenario" time="14.447"/>
  <testcase classname="io.cucumber.testng.AbstractTestNGCucumberTests" name="runScenario" time="26.841"/>
</testsuite> <!-- Default test -->
