<?xml version="1.0" encoding="UTF-8"?>
<testng-results ignored="0" total="3" passed="2" failed="1" skipped="0">
  <reporter-output>
  </reporter-output>
  <suite started-at="2023-02-04T23:29:10 WIB" name="Command line suite" finished-at="2023-02-04T23:29:51 WIB" duration-ms="41234">
    <groups>
      <group name="cucumber">
        <method signature="AbstractTestNGCucumberTests.runScenario(io.cucumber.testng.PickleWrapper,io.cucumber.testng.FeatureWrapper)[pri:0, instance:com.tia.cucumber.RunnerTest@55ca8de8]" name="runScenario" class="io.cucumber.testng.AbstractTestNGCucumberTests"/>
        <method signature="AbstractTestNGCucumberTests.runScenario(io.cucumber.testng.PickleWrapper,io.cucumber.testng.FeatureWrapper)[pri:0, instance:com.tia.cucumber.step_definitions.RunnerTest@2aece37d]" name="runScenario" class="io.cucumber.testng.AbstractTestNGCucumberTests"/>
      </group> <!-- cucumber -->
    </groups>
    <test started-at="2023-02-04T23:29:10 WIB" name="Command line test" finished-at="2023-02-04T23:29:51 WIB" duration-ms="41234">
      <class name="com.tia.cucumber.RunnerTest">
        <test-method is-config="true" signature="setUpClass(org.testng.ITestContext)[pri:0, instance:com.tia.cucumber.RunnerTest@55ca8de8]" started-at="2023-02-04T23:29:10 WIB" name="setUpClass" finished-at="2023-02-04T23:29:11 WIB" duration-ms="524" status="PASS">
          <params>
            <param index="0">
              <value>
                <![CDATA[org.testng.TestRunner@544e8149]]>
              </value>
            </param>
          </params>
          <reporter-output>
          </reporter-output>
        </test-method> <!-- setUpClass -->
        <test-method signature="runScenario(io.cucumber.testng.PickleWrapper,io.cucumber.testng.FeatureWrapper)[pri:0, instance:com.tia.cucumber.RunnerTest@55ca8de8]" started-at="2023-02-04T23:29:11 WIB" name="runScenario" description="Runs Cucumber Scenarios" data-provider="scenarios" finished-at="2023-02-04T23:29:29 WIB" duration-ms="18084" status="PASS">
          <params>
            <param index="0">
              <value>
                <![CDATA["User valid login"]]>
              </value>
            </param>
            <param index="1">
              <value>
                <![CDATA["Login User"]]>
              </value>
            </param>
          </params>
          <reporter-output>
          </reporter-output>
        </test-method> <!-- runScenario -->
        <test-method is-config="true" signature="tearDownClass()[pri:0, instance:com.tia.cucumber.RunnerTest@55ca8de8]" started-at="2023-02-04T23:29:29 WIB" name="tearDownClass" finished-at="2023-02-04T23:29:32 WIB" duration-ms="3510" status="PASS">
          <reporter-output>
          </reporter-output>
        </test-method> <!-- tearDownClass -->
      </class> <!-- com.tia.cucumber.RunnerTest -->
      <class name="com.tia.cucumber.step_definitions.RunnerTest">
        <test-method is-config="true" signature="setUpClass(org.testng.ITestContext)[pri:0, instance:com.tia.cucumber.step_definitions.RunnerTest@2aece37d]" started-at="2023-02-04T23:29:32 WIB" name="setUpClass" finished-at="2023-02-04T23:29:32 WIB" duration-ms="79" status="PASS">
          <params>
            <param index="0">
              <value>
                <![CDATA[org.testng.TestRunner@544e8149]]>
              </value>
            </param>
          </params>
          <reporter-output>
          </reporter-output>
        </test-method> <!-- setUpClass -->
        <test-method signature="runScenario(io.cucumber.testng.PickleWrapper,io.cucumber.testng.FeatureWrapper)[pri:0, instance:com.tia.cucumber.step_definitions.RunnerTest@2aece37d]" started-at="2023-02-04T23:29:32 WIB" name="runScenario" description="Runs Cucumber Scenarios" data-provider="scenarios" finished-at="2023-02-04T23:29:48 WIB" duration-ms="15463" status="PASS">
          <params>
            <param index="0">
              <value>
                <![CDATA["User valid login"]]>
              </value>
            </param>
            <param index="1">
              <value>
                <![CDATA["Login User"]]>
              </value>
            </param>
          </params>
          <reporter-output>
          </reporter-output>
        </test-method> <!-- runScenario -->
        <test-method signature="runScenario(io.cucumber.testng.PickleWrapper,io.cucumber.testng.FeatureWrapper)[pri:0, instance:com.tia.cucumber.step_definitions.RunnerTest@2aece37d]" started-at="2023-02-04T23:29:48 WIB" name="runScenario" description="Runs Cucumber Scenarios" data-provider="scenarios" finished-at="2023-02-04T23:29:48 WIB" duration-ms="142" status="FAIL">
          <params>
            <param index="0">
              <value>
                <![CDATA["User create order success"]]>
              </value>
            </param>
            <param index="1">
              <value>
                <![CDATA["Order Product"]]>
              </value>
            </param>
          </params>
          <exception class="java.lang.ArrayIndexOutOfBoundsException">
            <message>
              <![CDATA[Index 2 out of bounds for length 2]]>
            </message>
            <full-stacktrace>
              <![CDATA[java.lang.ArrayIndexOutOfBoundsException: Index 2 out of bounds for length 2
at com.tia.cucumber.step_definitions.Hooks.setUp(Hooks.java:33)
]]>
            </full-stacktrace>
          </exception> <!-- java.lang.ArrayIndexOutOfBoundsException -->
          <reporter-output>
          </reporter-output>
        </test-method> <!-- runScenario -->
        <test-method is-config="true" signature="tearDownClass()[pri:0, instance:com.tia.cucumber.step_definitions.RunnerTest@2aece37d]" started-at="2023-02-04T23:29:48 WIB" name="tearDownClass" finished-at="2023-02-04T23:29:51 WIB" duration-ms="3365" status="PASS">
          <reporter-output>
          </reporter-output>
        </test-method> <!-- tearDownClass -->
      </class> <!-- com.tia.cucumber.step_definitions.RunnerTest -->
    </test> <!-- Command line test -->
  </suite> <!-- Command line suite -->
</testng-results>
