<?xml version="1.0" encoding="UTF-8" ?>
<testsuite tests="3" failures="1" name="TestSuite" time="33.719" errors="0" skipped="0">
  <properties>
    <property name="java.runtime.name" value="Java(TM) SE Runtime Environment"/>
    <property name="java.vm.version" value="17.0.6+9-LTS-190"/>
    <property name="sun.boot.library.path" value="C:\Program Files\Java\jdk-17\bin"/>
    <property name="maven.multiModuleProjectDirectory" value="C:\Users\florentinus.setiawan\eclipse-workspace\cucumber-java-test"/>
    <property name="java.vm.vendor" value="Oracle Corporation"/>
    <property name="java.vendor.url" value="https://java.oracle.com/"/>
    <property name="guice.disable.misplaced.annotation.check" value="true"/>
    <property name="path.separator" value=";"/>
    <property name="java.vm.name" value="Java HotSpot(TM) 64-Bit Server VM"/>
    <property name="sun.os.patch.level" value=""/>
    <property name="user.script" value=""/>
    <property name="user.country" value="US"/>
    <property name="sun.java.launcher" value="SUN_STANDARD"/>
    <property name="java.vm.specification.name" value="Java Virtual Machine Specification"/>
    <property name="user.dir" value="C:\Users\florentinus.setiawan\eclipse-workspace\cucumber-java-test"/>
    <property name="java.vm.compressedOopsMode" value="Zero based"/>
    <property name="java.runtime.version" value="17.0.6+9-LTS-190"/>
    <property name="os.arch" value="amd64"/>
    <property name="java.io.tmpdir" value="C:\Users\FLOREN~1.SET\AppData\Local\Temp\"/>
    <property name="line.separator" value="
"/>
    <property name="java.vm.specification.vendor" value="Oracle Corporation"/>
    <property name="user.variant" value=""/>
    <property name="os.name" value="Windows 11"/>
    <property name="classworlds.conf" value="C:\Users\florentinus.setiawan\Documents\Training TIA x Faspay\apache-maven-3.8.7\bin\m2.conf"/>
    <property name="sun.jnu.encoding" value="Cp1252"/>
    <property name="java.library.path" value="C:\Program Files\Java\jdk-17\bin;C:\WINDOWS\Sun\Java\bin;C:\WINDOWS\system32;C:\WINDOWS;C:\Program Files\Common Files\Oracle\Java\javapath;C:\Windows\system32;C:\Windows;C:\Windows\System32\Wbem;C:\Windows\System32\WindowsPowerShell\v1.0\;C:\Windows\System32\OpenSSH\;C:\Program Files (x86)\NVIDIA Corporation\PhysX\Common;C:\Program Files\Microsoft VS Code\bin;C:\Program Files\NVIDIA Corporation\NVIDIA NvDLISR;C:\Program Files\Git\cmd;C:\WINDOWS\system32;C:\WINDOWS;C:\WINDOWS\System32\Wbem;C:\WINDOWS\System32\WindowsPowerShell\v1.0\;C:\WINDOWS\System32\OpenSSH\;C:\Tools\apache-maven-3.8.7\bin\bin;C:\Program Files\Java\jdk-17\;C:\Users\florentinus.setiawan\AppData\Local\Microsoft\WindowsApps;C:\Users\florentinus.setiawan\AppData\Local\GitHubDesktop\bin;C:\Users\florentinus.setiawan\Documents\Training TIA x Faspay\apache-maven-3.8.7\bin;C:\Tools\apache-maven-3.8.7\bin;."/>
    <property name="maven.conf" value="C:\Users\florentinus.setiawan\Documents\Training TIA x Faspay\apache-maven-3.8.7/conf"/>
    <property name="jdk.debug" value="release"/>
    <property name="java.class.version" value="61.0"/>
    <property name="java.specification.name" value="Java Platform API Specification"/>
    <property name="sun.management.compiler" value="HotSpot 64-Bit Tiered Compilers"/>
    <property name="os.version" value="10.0"/>
    <property name="library.jansi.path" value="C:\Users\florentinus.setiawan\Documents\Training TIA x Faspay\apache-maven-3.8.7\lib\jansi-native"/>
    <property name="user.home" value="C:\Users\florentinus.setiawan"/>
    <property name="user.timezone" value="Asia/Jakarta"/>
    <property name="file.encoding" value="Cp1252"/>
    <property name="java.specification.version" value="17"/>
    <property name="user.name" value="florentinus.setiawan"/>
    <property name="java.class.path" value="C:\Users\florentinus.setiawan\Documents\Training TIA x Faspay\apache-maven-3.8.7\boot\plexus-classworlds-2.6.0.jar"/>
    <property name="java.vm.specification.version" value="17"/>
    <property name="sun.arch.data.model" value="64"/>
    <property name="sun.java.command" value="org.codehaus.plexus.classworlds.launcher.Launcher clean test"/>
    <property name="java.home" value="C:\Program Files\Java\jdk-17"/>
    <property name="user.language" value="en"/>
    <property name="java.specification.vendor" value="Oracle Corporation"/>
    <property name="java.vm.info" value="mixed mode, sharing"/>
    <property name="java.version" value="17.0.6"/>
    <property name="native.encoding" value="Cp1252"/>
    <property name="java.vendor" value="Oracle Corporation"/>
    <property name="sun.stderr.encoding" value="cp437"/>
    <property name="maven.home" value="C:\Users\florentinus.setiawan\Documents\Training TIA x Faspay\apache-maven-3.8.7"/>
    <property name="file.separator" value="\"/>
    <property name="java.version.date" value="2023-01-17"/>
    <property name="java.vendor.url.bug" value="https://bugreport.java.com/bugreport/"/>
    <property name="sun.io.unicode.encoding" value="UnicodeLittle"/>
    <property name="sun.cpu.endian" value="little"/>
    <property name="sun.stdout.encoding" value="cp437"/>
    <property name="sun.cpu.isalist" value="amd64"/>
  </properties>
  <testcase classname="com.tia.cucumber.RunnerTest" name="runScenario" time="18.083"/>
  <testcase classname="com.tia.cucumber.step_definitions.RunnerTest" name="runScenario" time="15.478"/>
  <testcase classname="com.tia.cucumber.step_definitions.RunnerTest" name="runScenario" time="0.158">
    <failure message="Index 2 out of bounds for length 2" type="java.lang.ArrayIndexOutOfBoundsException">java.lang.ArrayIndexOutOfBoundsException: Index 2 out of bounds for length 2
	at com.tia.cucumber.step_definitions.Hooks.setUp(Hooks.java:33)
</failure>
    <system-out>
Scenario: User create order success         &amp;#27;[90m# src/main/resources/features/02.OrderProduct.feature:5&amp;#27;[0m
      &amp;#27;[31mjava.lang.ArrayIndexOutOfBoundsException: Index 2 out of bounds for length 2
	at com.tia.cucumber.step_definitions.Hooks.setUp(Hooks.java:33)
&amp;#27;[0m
  &amp;#27;[36mWhen &amp;#27;[0m&amp;#27;[36mUser go to Website Shop&amp;#27;[0m              &amp;#27;[90m# com.tia.cucumber.step_definitions.TestOrderProduct.testOrderProductWhen()&amp;#27;[0m
  &amp;#27;[36mAnd &amp;#27;[0m&amp;#27;[36mUser select the product&amp;#27;[0m               &amp;#27;[90m# com.tia.cucumber.step_definitions.TestOrderProduct.testOrderProductAndOne()&amp;#27;[0m
  &amp;#27;[36mAnd &amp;#27;[0m&amp;#27;[36mUser select the color and size&amp;#27;[0m        &amp;#27;[90m# com.tia.cucumber.step_definitions.TestOrderProduct.testOrderProductAndTwo()&amp;#27;[0m
  &amp;#27;[36mAnd &amp;#27;[0m&amp;#27;[36mUser add quantity&amp;#27;[0m                     &amp;#27;[90m# com.tia.cucumber.step_definitions.TestOrderProduct.testOrderProductAndThree()&amp;#27;[0m
  &amp;#27;[36mAnd &amp;#27;[0m&amp;#27;[36mUser click ADD TO CART button&amp;#27;[0m         &amp;#27;[90m# com.tia.cucumber.step_definitions.TestOrderProduct.testOrderProductAndFour()&amp;#27;[0m
  &amp;#27;[36mAnd &amp;#27;[0m&amp;#27;[36mUser click VIEW CART button&amp;#27;[0m           &amp;#27;[90m# com.tia.cucumber.step_definitions.TestOrderProduct.testOrderProductAndFive()&amp;#27;[0m
  &amp;#27;[36mAnd &amp;#27;[0m&amp;#27;[36mUser click PROCCED TO CHECKOUT button&amp;#27;[0m &amp;#27;[90m# com.tia.cucumber.step_definitions.TestOrderProduct.testOrderProductAndSix()&amp;#27;[0m
  &amp;#27;[36mAnd &amp;#27;[0m&amp;#27;[36mUser input name&amp;#27;[0m                       &amp;#27;[90m# com.tia.cucumber.step_definitions.TestOrderProduct.testOrderProductAndSeven()&amp;#27;[0m
  &amp;#27;[36mAnd &amp;#27;[0m&amp;#27;[36mUser input address&amp;#27;[0m                    &amp;#27;[90m# com.tia.cucumber.step_definitions.TestOrderProduct.testOrderProductAndEight()&amp;#27;[0m
  &amp;#27;[36mAnd &amp;#27;[0m&amp;#27;[36mUser input contact&amp;#27;[0m                    &amp;#27;[90m# com.tia.cucumber.step_definitions.TestOrderProduct.testOrderProductAndNine()&amp;#27;[0m
  &amp;#27;[36mAnd &amp;#27;[0m&amp;#27;[36mUser click TnC checkbox&amp;#27;[0m               &amp;#27;[90m# com.tia.cucumber.step_definitions.TestOrderProduct.testOrderProductAndTen()&amp;#27;[0m
  &amp;#27;[36mAnd &amp;#27;[0m&amp;#27;[36mUser click PLACE ORDER&amp;#27;[0m                &amp;#27;[90m# com.tia.cucumber.step_definitions.TestOrderProduct.testOrderProductAndEleven()&amp;#27;[0m
  &amp;#27;[36mThen &amp;#27;[0m&amp;#27;[36mThe order is succeed&amp;#27;[0m                 &amp;#27;[90m# com.tia.cucumber.step_definitions.TestOrderProduct.testOrderProductThen()&amp;#27;[0m
</system-out>
  </testcase>
</testsuite>