<?xml version="1.0" encoding="UTF-8" ?>
<testsuite tests="3" failures="1" name="TestSuite" time="33.719" errors="0" skipped="0">
  <properties>
[...]
</properties>
  <testcase classname="com.tia.cucumber.RunnerTest" name="runScenario" time="18.083"/>
  <testcase classname="com.tia.cucumber.step_definitions.RunnerTest" name="runScenario" time="15.478"/>
  <testcase classname="com.tia.cucumber.step_definitions.RunnerTest" name="runScenario" time="0.158">
    <failure message="Index 2 out of bounds for length 2" type="java.lang.ArrayIndexOutOfBoundsException">java.lang.ArrayIndexOutOfBoundsException: Index 2 out of bounds for length 2
	at com.tia.cucumber.step_definitions.Hooks.setUp(Hooks.java:33)
</failure>
    <system-out>
Scenario: User create order success         &amp;#27;[90m# src/main/resources/features/02.OrderProduct.feature:5&amp;#27;[0m
      &amp;#27;[31mjava.lang.ArrayIndexOutOfBoundsException: Index 2 out of bounds for length 2
	at com.tia.cucumber.step_definitions.Hooks.setUp(Hooks.java:33)
&amp;#27;[0m
  &amp;#27;[36mWhen &amp;#27;[0m&amp;#27;[36mUser go to Website Shop&amp;#27;[0m              &amp;#27;[90m# com.tia.cucumber.step_definitions.TestOrderProduct.testOrderProductWhen()&amp;#27;[0m
  &amp;#27;[36mAnd &amp;#27;[0m&amp;#27;[36mUser select the product&amp;#27;[0m               &amp;#27;[90m# com.tia.cucumber.step_definitions.TestOrderProduct.testOrderProductAndOne()&amp;#27;[0m
  &amp;#27;[36mAnd &amp;#27;[0m&amp;#27;[36mUser select the color and size&amp;#27;[0m        &amp;#27;[90m# com.tia.cucumber.step_definitions.TestOrderProduct.testOrderProductAndTwo()&amp;#27;[0m
  &amp;#27;[36mAnd &amp;#27;[0m&amp;#27;[36mUser add quantity&amp;#27;[0m                     &amp;#27;[90m# com.tia.cucumber.step_definitions.TestOrderProduct.testOrderProductAndThree()&amp;#27;[0m
  &amp;#27;[36mAnd &amp;#27;[0m&amp;#27;[36mUser click ADD TO CART button&amp;#27;[0m         &amp;#27;[90m# com.tia.cucumber.step_definitions.TestOrderProduct.testOrderProductAndFour()&amp;#27;[0m
  &amp;#27;[36mAnd &amp;#27;[0m&amp;#27;[36mUser click VIEW CART button&amp;#27;[0m           &amp;#27;[90m# com.tia.cucumber.step_definitions.TestOrderProduct.testOrderProductAndFive()&amp;#27;[0m
  &amp;#27;[36mAnd &amp;#27;[0m&amp;#27;[36mUser click PROCCED TO CHECKOUT button&amp;#27;[0m &amp;#27;[90m# com.tia.cucumber.step_definitions.TestOrderProduct.testOrderProductAndSix()&amp;#27;[0m
  &amp;#27;[36mAnd &amp;#27;[0m&amp;#27;[36mUser input name&amp;#27;[0m                       &amp;#27;[90m# com.tia.cucumber.step_definitions.TestOrderProduct.testOrderProductAndSeven()&amp;#27;[0m
  &amp;#27;[36mAnd &amp;#27;[0m&amp;#27;[36mUser input address&amp;#27;[0m                    &amp;#27;[90m# com.tia.cucumber.step_definitions.TestOrderProduct.testOrderProductAndEight()&amp;#27;[0m
  &amp;#27;[36mAnd &amp;#27;[0m&amp;#27;[36mUser input contact&amp;#27;[0m                    &amp;#27;[90m# com.tia.cucumber.step_definitions.TestOrderProduct.testOrderProductAndNine()&amp;#27;[0m
  &amp;#27;[36mAnd &amp;#27;[0m&amp;#27;[36mUser click TnC checkbox&amp;#27;[0m               &amp;#27;[90m# com.tia.cucumber.step_definitions.TestOrderProduct.testOrderProductAndTen()&amp;#27;[0m
  &amp;#27;[36mAnd &amp;#27;[0m&amp;#27;[36mUser click PLACE ORDER&amp;#27;[0m                &amp;#27;[90m# com.tia.cucumber.step_definitions.TestOrderProduct.testOrderProductAndEleven()&amp;#27;[0m
  &amp;#27;[36mThen &amp;#27;[0m&amp;#27;[36mThe order is succeed&amp;#27;[0m                 &amp;#27;[90m# com.tia.cucumber.step_definitions.TestOrderProduct.testOrderProductThen()&amp;#27;[0m
</system-out>
  </testcase>
</testsuite>