-------------------------------------------------------------------------------
Test set: TestSuite
-------------------------------------------------------------------------------
Tests run: 3, Failures: 1, Errors: 0, Skipped: 0, Time elapsed: 41.996 sec <<< FAILURE!
runScenario(com.tia.cucumber.step_definitions.RunnerTest)  Time elapsed: 0.158 sec  <<< FAILURE!
java.lang.ArrayIndexOutOfBoundsException: Index 2 out of bounds for length 2
	at com.tia.cucumber.step_definitions.Hooks.setUp(Hooks.java:33)

