<?xml version="1.0" encoding="UTF-8"?>
<testng-results ignored="0" total="1" passed="1" failed="0" skipped="0">
  <reporter-output>
  </reporter-output>
  <suite started-at="2023-02-03T08:28:41 WIB" name="Default suite" finished-at="2023-02-03T08:29:23 WIB" duration-ms="42330">
    <groups>
      <group name="cucumber">
        <method signature="AbstractTestNGCucumberTests.runScenario(io.cucumber.testng.PickleWrapper,io.cucumber.testng.FeatureWrapper)[pri:0, instance:com.tia.cucumber.step_definitions.RunnerTest@4310d43]" name="runScenario" class="io.cucumber.testng.AbstractTestNGCucumberTests"/>
      </group> <!-- cucumber -->
    </groups>
    <test started-at="2023-02-03T08:28:41 WIB" name="Default test" finished-at="2023-02-03T08:29:23 WIB" duration-ms="42330">
      <class name="com.tia.cucumber.step_definitions.RunnerTest">
        <test-method is-config="true" signature="setUpClass(org.testng.ITestContext)[pri:0, instance:com.tia.cucumber.step_definitions.RunnerTest@4310d43]" started-at="2023-02-03T08:28:41 WIB" name="setUpClass" finished-at="2023-02-03T08:28:42 WIB" duration-ms="934" status="PASS">
          <params>
            <param index="0">
              <value>
                <![CDATA[org.testng.TestRunner@1afd72ef]]>
              </value>
            </param>
          </params>
          <reporter-output>
          </reporter-output>
        </test-method> <!-- setUpClass -->
        <test-method signature="runScenario(io.cucumber.testng.PickleWrapper,io.cucumber.testng.FeatureWrapper)[pri:0, instance:com.tia.cucumber.step_definitions.RunnerTest@4310d43]" started-at="2023-02-03T08:28:42 WIB" name="runScenario" description="Runs Cucumber Scenarios" data-provider="scenarios" finished-at="2023-02-03T08:29:20 WIB" duration-ms="37809" status="PASS">
          <params>
            <param index="0">
              <value>
                <![CDATA["User create order success"]]>
              </value>
            </param>
            <param index="1">
              <value>
                <![CDATA["Order Product"]]>
              </value>
            </param>
          </params>
          <reporter-output>
          </reporter-output>
        </test-method> <!-- runScenario -->
        <test-method is-config="true" signature="tearDownClass()[pri:0, instance:com.tia.cucumber.step_definitions.RunnerTest@4310d43]" started-at="2023-02-03T08:29:20 WIB" name="tearDownClass" finished-at="2023-02-03T08:29:23 WIB" duration-ms="3525" status="PASS">
          <reporter-output>
          </reporter-output>
        </test-method> <!-- tearDownClass -->
      </class> <!-- com.tia.cucumber.step_definitions.RunnerTest -->
    </test> <!-- Default test -->
  </suite> <!-- Default suite -->
</testng-results>
