<?xml version="1.0" encoding="UTF-8"?>
<testng-results ignored="0" total="2" passed="2" failed="0" skipped="0">
  <reporter-output>
  </reporter-output>
  <suite started-at="2023-02-04T21:20:40 WIB" name="Default suite" finished-at="2023-02-04T21:21:25 WIB" duration-ms="45262">
    <groups>
      <group name="cucumber">
        <method signature="AbstractTestNGCucumberTests.runScenario(io.cucumber.testng.PickleWrapper,io.cucumber.testng.FeatureWrapper)[pri:0, instance:com.tia.cucumber.step_definitions.RunnerTest@29215f06]" name="runScenario" class="io.cucumber.testng.AbstractTestNGCucumberTests"/>
      </group> <!-- cucumber -->
    </groups>
    <test started-at="2023-02-04T21:20:40 WIB" name="Default test" finished-at="2023-02-04T21:21:25 WIB" duration-ms="45262">
      <class name="com.tia.cucumber.step_definitions.RunnerTest">
        <test-method is-config="true" signature="setUpClass(org.testng.ITestContext)[pri:0, instance:com.tia.cucumber.step_definitions.RunnerTest@29215f06]" started-at="2023-02-04T21:20:40 WIB" name="setUpClass" finished-at="2023-02-04T21:20:40 WIB" duration-ms="540" status="PASS">
          <params>
            <param index="0">
              <value>
                <![CDATA[org.testng.TestRunner@1b410308]]>
              </value>
            </param>
          </params>
          <reporter-output>
          </reporter-output>
        </test-method> <!-- setUpClass -->
        <test-method signature="runScenario(io.cucumber.testng.PickleWrapper,io.cucumber.testng.FeatureWrapper)[pri:0, instance:com.tia.cucumber.step_definitions.RunnerTest@29215f06]" started-at="2023-02-04T21:20:40 WIB" name="runScenario" description="Runs Cucumber Scenarios" data-provider="scenarios" finished-at="2023-02-04T21:20:55 WIB" duration-ms="14447" status="PASS">
          <params>
            <param index="0">
              <value>
                <![CDATA["User valid login"]]>
              </value>
            </param>
            <param index="1">
              <value>
                <![CDATA["Login User"]]>
              </value>
            </param>
          </params>
          <reporter-output>
          </reporter-output>
        </test-method> <!-- runScenario -->
        <test-method signature="runScenario(io.cucumber.testng.PickleWrapper,io.cucumber.testng.FeatureWrapper)[pri:0, instance:com.tia.cucumber.step_definitions.RunnerTest@29215f06]" started-at="2023-02-04T21:20:55 WIB" name="runScenario" description="Runs Cucumber Scenarios" data-provider="scenarios" finished-at="2023-02-04T21:21:21 WIB" duration-ms="26841" status="PASS">
          <params>
            <param index="0">
              <value>
                <![CDATA["User create order success"]]>
              </value>
            </param>
            <param index="1">
              <value>
                <![CDATA["Order Product"]]>
              </value>
            </param>
          </params>
          <reporter-output>
          </reporter-output>
        </test-method> <!-- runScenario -->
        <test-method is-config="true" signature="tearDownClass()[pri:0, instance:com.tia.cucumber.step_definitions.RunnerTest@29215f06]" started-at="2023-02-04T21:21:21 WIB" name="tearDownClass" finished-at="2023-02-04T21:21:25 WIB" duration-ms="3399" status="PASS">
          <reporter-output>
          </reporter-output>
        </test-method> <!-- tearDownClass -->
      </class> <!-- com.tia.cucumber.step_definitions.RunnerTest -->
    </test> <!-- Default test -->
  </suite> <!-- Default suite -->
</testng-results>
